<?xml version="1.0" encoding="UTF-8" ?>
<testsuite failures="0" time="8.093" errors="0" skipped="0" tests="1" name="JpaTest">
  <properties>
    <property name="java.runtime.name" value="Java(TM) SE Runtime Environment"/>
    <property name="sun.boot.library.path" value="C:\Program Files (x86)\Java\jdk1.6.0\jre\bin"/>
    <property name="java.vm.version" value="1.6.0-b105"/>
    <property name="java.vm.vendor" value="Sun Microsystems Inc."/>
    <property name="java.vendor.url" value="http://java.sun.com/"/>
    <property name="path.separator" value=";"/>
    <property name="guice.disable.misplaced.annotation.check" value="true"/>
    <property name="java.vm.name" value="Java HotSpot(TM) Client VM"/>
    <property name="file.encoding.pkg" value="sun.io"/>
    <property name="user.country" value="CN"/>
    <property name="sun.java.launcher" value="SUN_STANDARD"/>
    <property name="sun.os.patch.level" value=""/>
    <property name="java.vm.specification.name" value="Java Virtual Machine Specification"/>
    <property name="user.dir" value="D:\EclipseWorkspace\car"/>
    <property name="java.runtime.version" value="1.6.0-b105"/>
    <property name="java.awt.graphicsenv" value="sun.awt.Win32GraphicsEnvironment"/>
    <property name="java.endorsed.dirs" value="C:\Program Files (x86)\Java\jdk1.6.0\jre\lib\endorsed"/>
    <property name="os.arch" value="x86"/>
    <property name="java.io.tmpdir" value="C:\Users\lguo\AppData\Local\Temp\"/>
    <property name="line.separator" value="
"/>
    <property name="java.vm.specification.vendor" value="Sun Microsystems Inc."/>
    <property name="user.variant" value=""/>
    <property name="os.name" value="Windows Vista"/>
    <property name="classworlds.conf" value="D:\EclipseWorkspace\.metadata\.plugins\org.eclipse.m2e.core\launches\m2conf7105055427354759538.tmp"/>
    <property name="sun.jnu.encoding" value="GBK"/>
    <property name="java.library.path" value="C:\Program Files (x86)\Java\jdk1.6.0\bin;.;C:\Windows\Sun\Java\bin;C:\Windows\system32;C:\Windows;C:/Program Files (x86)/Java/jdk1.7.0_17/bin/../jre/bin/client;C:/Program Files (x86)/Java/jdk1.7.0_17/bin/../jre/bin;C:/Program Files (x86)/Java/jdk1.7.0_17/bin/../jre/lib/i386;C:\php;C:\Program Files (x86)\Apache Software Foundation\Apache2.2\bin;C:\Program Files (x86)\Apache Software Foundation\Apache2.2;C:\Program Files (x86)\Java\jdk1.7.0_17\bin;C:\Program Files\Common Files\Microsoft Shared\Windows Live;C:\Program Files (x86)\Common Files\Microsoft Shared\Windows Live;C:\Python27\Lib\site-packages\PyQt4;C:\Windows\system32;C:\Windows;C:\Windows\System32\Wbem;C:\Windows\System32\WindowsPowerShell\v1.0\;C:\Program Files (x86)\Windows Live\Shared;C:\Program Files\Trend Micro\AMSP;C:\Program Files (x86)\Microsoft SQL Server\90\Tools\binn\;C:\Python27;C:\Python27\DLLs;C:\Python27\Scripts;C:\Python27\Lib\site-packages\vtk;C:\Python27\gnuplot\binary;C:\Program Files (x86)\pythonxy\console;C:\Program Files (x86)\pythonxy\SciTE-2.29;C:\MinGW32-xy\bin;C:\Program Files\Microsoft SQL Server\110\Tools\Binn\;C:\Program Files (x86)\GtkSharp\2.12\bin;C:\Program Files\Microsoft\Web Platform Installer\;D:\Matlab\bin;D:\TCLFiles\TNLP\Software\ffmpeg-latest-win32-static\ffmpeg-20130911-git-bbcaf25-win32-static\bin;C:\Program Files\TortoiseSVN\bin;C:\php;c:\jruby-1.7.3\bin;C:\Python27\Lib\site-packages\PyQt4;C:\Windows\System32;C:\Program Files (x86)\Java\jre1.6.0\bin;C:\Program Files (x86)\SSH Communications Security\SSH Secure Shell;D:\DragonToolkit\dragontool.jar;D:\Software\boost_1_49_0\bjam.exe;C:\Program Files (x86)\Java\jdk1.7.0_17\bin;C:\Program Files (x86)\IDM Computer Solutions\UltraEdit;C:\Program Files (x86)\Java\jdk1.6.0\bin;D:\Software\apache-maven-3.0.5\bin;C:\Program Files (x86)\Java\jre7;D:\Software\phantomjs-1.9.7-windows\phantomjs-1.9.7-windows;D:\Software\casperjs\bin;d:\Git\bin;D:\EclipseWorkspace\JavaJniTest\bin;D:\Software\eclipse-jee-juno-SR2-win32\eclipse;"/>
    <property name="java.specification.name" value="Java Platform API Specification"/>
    <property name="java.class.version" value="50.0"/>
    <property name="sun.management.compiler" value="HotSpot Client Compiler"/>
    <property name="os.version" value="6.1"/>
    <property name="user.home" value="C:\Users\lguo"/>
    <property name="user.timezone" value="America/New_York"/>
    <property name="java.awt.printerjob" value="sun.awt.windows.WPrinterJob"/>
    <property name="file.encoding" value="GBK"/>
    <property name="java.specification.version" value="1.6"/>
    <property name="user.name" value="lguo"/>
    <property name="java.class.path" value="D:\Software\apache-maven-3.0.5\boot\plexus-classworlds-2.4.jar"/>
    <property name="java.vm.specification.version" value="1.0"/>
    <property name="sun.arch.data.model" value="32"/>
    <property name="java.home" value="C:\Program Files (x86)\Java\jdk1.6.0\jre"/>
    <property name="java.specification.vendor" value="Sun Microsystems Inc."/>
    <property name="user.language" value="zh"/>
    <property name="awt.toolkit" value="sun.awt.windows.WToolkit"/>
    <property name="java.vm.info" value="mixed mode, sharing"/>
    <property name="java.version" value="1.6.0"/>
    <property name="java.ext.dirs" value="C:\Program Files (x86)\Java\jdk1.6.0\jre\lib\ext;C:\Windows\Sun\Java\lib\ext"/>
    <property name="sun.boot.class.path" value="C:\Program Files (x86)\Java\jdk1.6.0\jre\lib\resources.jar;C:\Program Files (x86)\Java\jdk1.6.0\jre\lib\rt.jar;C:\Program Files (x86)\Java\jdk1.6.0\jre\lib\sunrsasign.jar;C:\Program Files (x86)\Java\jdk1.6.0\jre\lib\jsse.jar;C:\Program Files (x86)\Java\jdk1.6.0\jre\lib\jce.jar;C:\Program Files (x86)\Java\jdk1.6.0\jre\lib\charsets.jar;C:\Program Files (x86)\Java\jdk1.6.0\jre\classes"/>
    <property name="java.vendor" value="Sun Microsystems Inc."/>
    <property name="maven.home" value="D:\Software\apache-maven-3.0.5"/>
    <property name="file.separator" value="\"/>
    <property name="java.vendor.url.bug" value="http://java.sun.com/cgi-bin/bugreport.cgi"/>
    <property name="sun.cpu.endian" value="little"/>
    <property name="sun.io.unicode.encoding" value="UnicodeLittle"/>
    <property name="sun.desktop" value="windows"/>
    <property name="sun.cpu.isalist" value="pentium_pro+mmx pentium_pro pentium+mmx pentium i486 i386 i86"/>
  </properties>
  <testcase time="7.038" classname="JpaTest" name="testPrivatePreOwnerCarRepository"/>
</testsuite>